<?xml version="1.0" encoding="UTF-8"?>
<!-- Generated by org.testng.reporters.JUnitReportReporter -->
<testsuite skipped="0" hostname="DESKTOP-BSF3J8H" name="tests.DemoTest" tests="1" failures="0" timestamp="2021-02-04T20:30:27 CET" time="10.233" errors="0">
  <testcase name="demoTest" time="10.233" classname="tests.DemoTest"/>
  <system-out/>
</testsuite> <!-- tests.DemoTest -->
